0 info it worked if it ends with ok
1 verbose cli [ 'node', '/Users/pablo/.nvm/v0.10.36/bin/npm', 'run', 'dev' ]
2 info using npm@3.10.9
3 info using node@v0.10.36
4 verbose run-script [ 'predev', 'dev', 'postdev' ]
5 info lifecycle hedera-browser-extension@0.9.34~predev: hedera-browser-extension@0.9.34
6 silly lifecycle hedera-browser-extension@0.9.34~predev: no script for predev, continuing
7 info lifecycle hedera-browser-extension@0.9.34~dev: hedera-browser-extension@0.9.34
8 verbose lifecycle hedera-browser-extension@0.9.34~dev: unsafe-perm in lifecycle true
9 verbose lifecycle hedera-browser-extension@0.9.34~dev: PATH: /Users/pablo/.nvm/v0.10.36/lib/node_modules/npm/bin/node-gyp-bin:/Users/pablo/Documents/Hustle/Spring-2019/Helix/Hash-Extension/node_modules/.bin:/Users/pablo/gems/bin:/Users/pablo/.cargo/bin:/Users/pablo/anaconda/bin:/Users/pablo/.nvm/v0.10.36/bin:/usr/local/bin:/usr/bin:/bin:/usr/sbin:/sbin:/usr/local/go/bin:/opt/X11/bin:/Library/Frameworks/Mono.framework/Versions/Current/Commands:/Applications/Wireshark.app/Contents/MacOS
10 verbose lifecycle hedera-browser-extension@0.9.34~dev: CWD: /Users/pablo/Documents/Hustle/Spring-2019/Helix/Hash-Extension
11 silly lifecycle hedera-browser-extension@0.9.34~dev: Args: [ '-c', 'webpack --config webpack.development.config.babel.js' ]
12 silly lifecycle hedera-browser-extension@0.9.34~dev: Returned: code: 8  signal: null
13 info lifecycle hedera-browser-extension@0.9.34~dev: Failed to exec dev script
14 verbose stack Error: hedera-browser-extension@0.9.34 dev: `webpack --config webpack.development.config.babel.js`
14 verbose stack Exit status 8
14 verbose stack     at EventEmitter.<anonymous> (/Users/pablo/.nvm/v0.10.36/lib/node_modules/npm/lib/utils/lifecycle.js:255:16)
14 verbose stack     at EventEmitter.emit (events.js:98:17)
14 verbose stack     at ChildProcess.<anonymous> (/Users/pablo/.nvm/v0.10.36/lib/node_modules/npm/lib/utils/spawn.js:40:14)
14 verbose stack     at ChildProcess.emit (events.js:98:17)
14 verbose stack     at maybeClose (child_process.js:766:16)
14 verbose stack     at Process.ChildProcess._handle.onexit (child_process.js:833:5)
15 verbose pkgid hedera-browser-extension@0.9.34
16 verbose cwd /Users/pablo/Documents/Hustle/Spring-2019/Helix/Hash-Extension
17 error Darwin 18.6.0
18 error argv "node" "/Users/pablo/.nvm/v0.10.36/bin/npm" "run" "dev"
19 error node v0.10.36
20 error npm  v3.10.9
21 error code ELIFECYCLE
22 error hedera-browser-extension@0.9.34 dev: `webpack --config webpack.development.config.babel.js`
22 error Exit status 8
23 error Failed at the hedera-browser-extension@0.9.34 dev script 'webpack --config webpack.development.config.babel.js'.
23 error Make sure you have the latest version of node.js and npm installed.
23 error If you do, this is most likely a problem with the hedera-browser-extension package,
23 error not with npm itself.
23 error Tell the author that this fails on your system:
23 error     webpack --config webpack.development.config.babel.js
23 error You can get information on how to open an issue for this project with:
23 error     npm bugs hedera-browser-extension
23 error Or if that isn't available, you can get their info via:
23 error     npm owner ls hedera-browser-extension
23 error There is likely additional logging output above.
24 verbose exit [ 1, true ]
